<?xml version="1.0" encoding="UTF-8"?>
<!-- Generated by org.testng.reporters.JUnitReportReporter -->
<testsuite hostname="LAPTOP-9ADHC6CI" failures="0" tests="1" name="com.busyqa.selenium.finalexam.FinalExam" time="51.816" errors="0" timestamp="2025-02-16T17:36:01 MST" skipped="0">
  <testcase classname="com.busyqa.selenium.finalexam.FinalExam" name="webDataToExcel" time="51.816"/>
</testsuite> <!-- com.busyqa.selenium.finalexam.FinalExam -->
